# JRE version: 7.0_06-b24
# Java VM: Java HotSpot(TM) 64-Bit Server VM (23.2-b09 mixed mode linux-amd64 compressed oops)
Heap
 PSYoungGen      total 35968K, used 5088K [0x00000000d7d60000, 0x00000000da580000, 0x0000000100000000)
  eden space 30848K, 0% used [0x00000000d7d60000,0x00000000d7d60078,0x00000000d9b80000)
  from space 5120K, 99% used [0x00000000da080000,0x00000000da578308,0x00000000da580000)
  to   space 5120K, 0% used [0x00000000d9b80000,0x00000000d9b80000,0x00000000da080000)
 ParOldGen       total 82304K, used 845K [0x0000000087800000, 0x000000008c860000, 0x00000000d7d60000)
  object space 82304K, 1% used [0x0000000087800000,0x00000000878d3548,0x000000008c860000)
 PSPermGen       total 21248K, used 19221K [0x0000000082600000, 0x0000000083ac0000, 0x0000000087800000)
  object space 21248K, 90% used [0x0000000082600000,0x00000000838c5560,0x0000000083ac0000)
GC Heap History (4 events):
Event: 1.035 GC heap before
{Heap before GC invocations=1 (full 0):
 PSYoungGen      total 35968K, used 30848K [0x00000000d7d60000, 0x00000000da580000, 0x0000000100000000)
  eden space 30848K, 100% used [0x00000000d7d60000,0x00000000d9b80000,0x00000000d9b80000)
  from space 5120K, 0% used [0x00000000da080000,0x00000000da080000,0x00000000da580000)
  to   space 5120K, 0% used [0x00000000d9b80000,0x00000000d9b80000,0x00000000da080000)
 ParOldGen       total 82304K, used 0K [0x0000000087800000, 0x000000008c860000, 0x00000000d7d60000)
  object space 82304K, 0% used [0x0000000087800000,0x0000000087800000,0x000000008c860000)
 PSPermGen       total 21248K, used 13190K [0x0000000082600000, 0x0000000083ac0000, 0x0000000087800000)
  object space 21248K, 62% used [0x0000000082600000,0x00000000832e1930,0x0000000083ac0000)
Event: 1.042 GC heap after
Heap after GC invocations=1 (full 0):
 PSYoungGen      total 35968K, used 3686K [0x00000000d7d60000, 0x00000000da580000, 0x0000000100000000)
  eden space 30848K, 0% used [0x00000000d7d60000,0x00000000d7d60000,0x00000000d9b80000)
  from space 5120K, 72% used [0x00000000d9b80000,0x00000000d9f19a90,0x00000000da080000)
  to   space 5120K, 0% used [0x00000000da080000,0x00000000da080000,0x00000000da580000)
 ParOldGen       total 82304K, used 72K [0x0000000087800000, 0x000000008c860000, 0x00000000d7d60000)
  object space 82304K, 0% used [0x0000000087800000,0x0000000087812010,0x000000008c860000)
 PSPermGen       total 21248K, used 13190K [0x0000000082600000, 0x0000000083ac0000, 0x0000000087800000)
  object space 21248K, 62% used [0x0000000082600000,0x00000000832e1930,0x0000000083ac0000)
}
Event: 401.893 GC heap before
{Heap before GC invocations=2 (full 0):
 PSYoungGen      total 35968K, used 34534K [0x00000000d7d60000, 0x00000000da580000, 0x0000000100000000)
  eden space 30848K, 100% used [0x00000000d7d60000,0x00000000d9b80000,0x00000000d9b80000)
  from space 5120K, 72% used [0x00000000d9b80000,0x00000000d9f19a90,0x00000000da080000)
  to   space 5120K, 0% used [0x00000000da080000,0x00000000da080000,0x00000000da580000)
 ParOldGen       total 82304K, used 72K [0x0000000087800000, 0x000000008c860000, 0x00000000d7d60000)
  object space 82304K, 0% used [0x0000000087800000,0x0000000087812010,0x000000008c860000)
 PSPermGen       total 21248K, used 19205K [0x0000000082600000, 0x0000000083ac0000, 0x0000000087800000)
  object space 21248K, 90% used [0x0000000082600000,0x00000000838c1790,0x0000000083ac0000)
Event: 401.905 GC heap after
Heap after GC invocations=2 (full 0):
 PSYoungGen      total 35968K, used 5088K [0x00000000d7d60000, 0x00000000da580000, 0x0000000100000000)
  eden space 30848K, 0% used [0x00000000d7d60000,0x00000000d7d60000,0x00000000d9b80000)
  from space 5120K, 99% used [0x00000000da080000,0x00000000da578308,0x00000000da580000)
  to   space 5120K, 0% used [0x00000000d9b80000,0x00000000d9b80000,0x00000000da080000)
 ParOldGen       total 82304K, used 845K [0x0000000087800000, 0x000000008c860000, 0x00000000d7d60000)
  object space 82304K, 1% used [0x0000000087800000,0x00000000878d3548,0x000000008c860000)
 PSPermGen       total 21248K, used 19205K [0x0000000082600000, 0x0000000083ac0000, 0x0000000087800000)
  object space 21248K, 90% used [0x0000000082600000,0x00000000838c1790,0x0000000083ac0000)
}

